Arguments: 
  /usr/bin/node /usr/bin/yarn install

PATH: 
  /usr/local/sbin:/usr/local/bin:/usr/sbin:/usr/bin:/sbin:/bin:/usr/games:/usr/local/games:/snap/bin

Yarn version: 
  1.22.5

Node version: 
  14.11.0

Platform: 
  linux x64

Trace: 
  Error: EPROTO: protocol error, symlink '../../../coffee-script/bin/coffee' -> '/vagrant/todobackend-client/node_modules/grunt/node_modules/.bin/coffee'

npm manifest: 
  {
    "name": "todo-backend-client",
    "version": "1.0.0",
    "description": "a TodoMVC client which uses a TodoBackend implementation to store its todos.",
    "scripts": {
      "prepublish": "grunt",
      "build": "grunt",
      "start": "open index.html || sensible-browser index.html || xdg-open index.html"
    },
    "repository": {
      "type": "git",
      "url": "https://github.com/TodoBackend/todo-backend-client.git"
    },
    "author": "Addy Osmani, Sindre Sorhus, Pascal Hartig, Stephen Sawchuk, Pete Hodgson",
    "license": "MIT",
    "bugs": {
      "url": "https://github.com/TodoBackend/todo-backend-client/issues"
    },
    "homepage": "https://github.com/TodoBackend/todo-backend-client",
    "devDependencies": {
      "grunt": "^0.4.5",
      "grunt-bowercopy": "^1.2.0",
      "grunt-contrib-clean": "^0.6.0"
    },
    "dependencies": {
      "express": "^4.13.3"
    }
  
  }

yarn manifest: 
  No manifest

Lockfile: 
  No lockfile
